1724229812.034766 client started (41409): version 3.4, socket /private/tmp/tmux-501/default, protocol 8
1724229812.034867 on Darwin 23.6.0 Darwin Kernel Version 23.6.0: Mon Jul 29 21:16:46 PDT 2024; root:xnu-10063.141.2~1/RELEASE_ARM64_T8112
1724229812.034885 using libevent 2.1.12-stable select
1724229812.035697 using utf8proc 2.9.0
1724229812.035728 using ncurses 6.5 20240427
1724229812.035771 flags are 0x10010000
1724229812.035789 socket is /private/tmp/tmux-501/default
1724229812.035808 trying connect
1724229812.035877 add peer 0x148008000: 6 (0x0)
1724229812.038169 sending message 100 to peer 0x148008000 (4 bytes)
1724229812.038187 sending message 111 to peer 0x148008000 (8 bytes)
1724229812.038197 sending message 101 to peer 0x148008000 (16 bytes)
1724229812.038205 sending message 109 to peer 0x148008000 (4 bytes)
1724229812.038214 sending message 102 to peer 0x148008000 (13 bytes)
1724229812.038221 sending message 108 to peer 0x148008000 (30 bytes)
1724229812.038229 sending message 112 to peer 0x148008000 (70 bytes)
1724229812.038236 sending message 112 to peer 0x148008000 (5 bytes)
1724229812.038244 sending message 112 to peer 0x148008000 (5 bytes)
1724229812.038251 sending message 112 to peer 0x148008000 (6 bytes)
1724229812.038258 sending message 112 to peer 0x148008000 (6 bytes)
1724229812.038265 sending message 112 to peer 0x148008000 (11 bytes)
1724229812.038272 sending message 112 to peer 0x148008000 (10 bytes)
1724229812.038279 sending message 112 to peer 0x148008000 (13 bytes)
1724229812.038287 sending message 112 to peer 0x148008000 (13 bytes)
1724229812.038294 sending message 112 to peer 0x148008000 (18 bytes)
1724229812.038301 sending message 112 to peer 0x148008000 (11 bytes)
1724229812.038308 sending message 112 to peer 0x148008000 (21 bytes)
1724229812.038315 sending message 112 to peer 0x148008000 (13 bytes)
1724229812.038322 sending message 112 to peer 0x148008000 (7 bytes)
1724229812.038330 sending message 112 to peer 0x148008000 (13 bytes)
1724229812.038337 sending message 112 to peer 0x148008000 (7 bytes)
1724229812.038344 sending message 112 to peer 0x148008000 (13 bytes)
1724229812.038351 sending message 112 to peer 0x148008000 (9 bytes)
1724229812.038358 sending message 112 to peer 0x148008000 (21 bytes)
1724229812.038366 sending message 112 to peer 0x148008000 (13 bytes)
1724229812.038373 sending message 112 to peer 0x148008000 (8 bytes)
1724229812.038380 sending message 112 to peer 0x148008000 (12 bytes)
1724229812.038387 sending message 112 to peer 0x148008000 (13 bytes)
1724229812.038394 sending message 112 to peer 0x148008000 (9 bytes)
1724229812.038401 sending message 112 to peer 0x148008000 (9 bytes)
1724229812.038408 sending message 112 to peer 0x148008000 (12 bytes)
1724229812.038416 sending message 112 to peer 0x148008000 (8 bytes)
1724229812.038423 sending message 112 to peer 0x148008000 (7 bytes)
1724229812.038430 sending message 112 to peer 0x148008000 (7 bytes)
1724229812.038437 sending message 112 to peer 0x148008000 (9 bytes)
1724229812.038444 sending message 112 to peer 0x148008000 (13 bytes)
1724229812.038451 sending message 112 to peer 0x148008000 (9 bytes)
1724229812.038458 sending message 112 to peer 0x148008000 (15 bytes)
1724229812.038465 sending message 112 to peer 0x148008000 (13 bytes)
1724229812.038473 sending message 112 to peer 0x148008000 (12 bytes)
1724229812.038480 sending message 112 to peer 0x148008000 (8 bytes)
1724229812.038487 sending message 112 to peer 0x148008000 (14 bytes)
1724229812.038494 sending message 112 to peer 0x148008000 (9 bytes)
1724229812.038501 sending message 112 to peer 0x148008000 (10 bytes)
1724229812.038508 sending message 112 to peer 0x148008000 (10 bytes)
1724229812.038515 sending message 112 to peer 0x148008000 (10 bytes)
1724229812.038522 sending message 112 to peer 0x148008000 (10 bytes)
1724229812.038529 sending message 112 to peer 0x148008000 (11 bytes)
1724229812.038537 sending message 112 to peer 0x148008000 (10 bytes)
1724229812.038544 sending message 112 to peer 0x148008000 (8 bytes)
1724229812.038551 sending message 112 to peer 0x148008000 (11 bytes)
1724229812.038582 sending message 112 to peer 0x148008000 (11 bytes)
1724229812.038587 sending message 112 to peer 0x148008000 (11 bytes)
1724229812.038593 sending message 112 to peer 0x148008000 (8 bytes)
1724229812.038598 sending message 112 to peer 0x148008000 (8 bytes)
1724229812.038603 sending message 112 to peer 0x148008000 (8 bytes)
1724229812.038608 sending message 112 to peer 0x148008000 (10 bytes)
1724229812.038613 sending message 112 to peer 0x148008000 (10 bytes)
1724229812.038619 sending message 112 to peer 0x148008000 (10 bytes)
1724229812.038624 sending message 112 to peer 0x148008000 (10 bytes)
1724229812.038629 sending message 112 to peer 0x148008000 (10 bytes)
1724229812.038634 sending message 112 to peer 0x148008000 (11 bytes)
1724229812.038639 sending message 112 to peer 0x148008000 (11 bytes)
1724229812.038644 sending message 112 to peer 0x148008000 (10 bytes)
1724229812.038649 sending message 112 to peer 0x148008000 (9 bytes)
1724229812.038654 sending message 112 to peer 0x148008000 (9 bytes)
1724229812.038659 sending message 112 to peer 0x148008000 (12 bytes)
1724229812.038664 sending message 112 to peer 0x148008000 (9 bytes)
1724229812.038669 sending message 112 to peer 0x148008000 (6 bytes)
1724229812.038674 sending message 112 to peer 0x148008000 (13 bytes)
1724229812.038679 sending message 112 to peer 0x148008000 (8 bytes)
1724229812.038684 sending message 112 to peer 0x148008000 (15 bytes)
1724229812.038690 sending message 112 to peer 0x148008000 (13 bytes)
1724229812.038695 sending message 112 to peer 0x148008000 (70 bytes)
1724229812.038700 sending message 112 to peer 0x148008000 (69 bytes)
1724229812.038705 sending message 112 to peer 0x148008000 (10 bytes)
1724229812.038710 sending message 112 to peer 0x148008000 (8 bytes)
1724229812.038715 sending message 112 to peer 0x148008000 (15 bytes)
1724229812.038720 sending message 112 to peer 0x148008000 (13 bytes)
1724229812.038725 sending message 112 to peer 0x148008000 (10 bytes)
1724229812.038730 sending message 112 to peer 0x148008000 (10 bytes)
1724229812.038735 sending message 112 to peer 0x148008000 (5 bytes)
1724229812.038740 sending message 112 to peer 0x148008000 (15 bytes)
1724229812.038749 sending message 104 to peer 0x148008000 (0 bytes)
1724229812.038755 sending message 110 to peer 0x148008000 (0 bytes)
1724229812.038761 sending message 107 to peer 0x148008000 (4 bytes)
1724229812.038766 sending message 105 to peer 0x148008000 (20 bytes)
1724229812.038771 sending message 105 to peer 0x148008000 (22 bytes)
1724229812.038776 sending message 105 to peer 0x148008000 (67 bytes)
1724229812.038781 sending message 105 to peer 0x148008000 (12 bytes)
1724229812.038786 sending message 105 to peer 0x148008000 (57 bytes)
1724229812.038791 sending message 105 to peer 0x148008000 (31 bytes)
1724229812.038796 sending message 105 to peer 0x148008000 (34 bytes)
1724229812.038802 sending message 105 to peer 0x148008000 (58 bytes)
1724229812.038807 sending message 105 to peer 0x148008000 (17 bytes)
1724229812.038812 sending message 105 to peer 0x148008000 (37 bytes)
1724229812.038817 sending message 105 to peer 0x148008000 (30 bytes)
1724229812.038822 sending message 105 to peer 0x148008000 (34 bytes)
1724229812.038827 sending message 105 to peer 0x148008000 (60 bytes)
1724229812.038832 sending message 105 to peer 0x148008000 (54 bytes)
1724229812.038837 sending message 105 to peer 0x148008000 (72 bytes)
1724229812.038842 sending message 105 to peer 0x148008000 (15 bytes)
1724229812.038847 sending message 105 to peer 0x148008000 (60 bytes)
1724229812.038852 sending message 105 to peer 0x148008000 (18 bytes)
1724229812.038857 sending message 105 to peer 0x148008000 (58 bytes)
1724229812.038862 sending message 105 to peer 0x148008000 (17 bytes)
1724229812.038867 sending message 105 to peer 0x148008000 (8 bytes)
1724229812.038873 sending message 105 to peer 0x148008000 (13 bytes)
1724229812.038878 sending message 105 to peer 0x148008000 (32 bytes)
1724229812.038883 sending message 105 to peer 0x148008000 (96 bytes)
1724229812.038888 sending message 105 to peer 0x148008000 (54 bytes)
1724229812.038903 sending message 105 to peer 0x148008000 (20 bytes)
1724229812.038908 sending message 105 to peer 0x148008000 (93 bytes)
1724229812.038913 sending message 105 to peer 0x148008000 (13 bytes)
1724229812.038919 sending message 105 to peer 0x148008000 (56 bytes)
1724229812.038924 sending message 105 to peer 0x148008000 (54 bytes)
1724229812.038929 sending message 105 to peer 0x148008000 (25 bytes)
1724229812.038935 sending message 105 to peer 0x148008000 (37 bytes)
1724229812.038940 sending message 105 to peer 0x148008000 (11 bytes)
1724229812.038945 sending message 105 to peer 0x148008000 (926 bytes)
1724229812.038951 sending message 105 to peer 0x148008000 (34 bytes)
1724229812.038956 sending message 105 to peer 0x148008000 (46 bytes)
1724229812.038961 sending message 105 to peer 0x148008000 (53 bytes)
1724229812.038966 sending message 105 to peer 0x148008000 (31 bytes)
1724229812.038972 sending message 105 to peer 0x148008000 (28 bytes)
1724229812.038977 sending message 105 to peer 0x148008000 (24 bytes)
1724229812.038982 sending message 105 to peer 0x148008000 (15 bytes)
1724229812.038987 sending message 105 to peer 0x148008000 (8 bytes)
1724229812.038992 sending message 105 to peer 0x148008000 (66 bytes)
1724229812.038997 sending message 105 to peer 0x148008000 (66 bytes)
1724229812.039002 sending message 105 to peer 0x148008000 (21 bytes)
1724229812.039008 sending message 105 to peer 0x148008000 (67 bytes)
1724229812.039013 sending message 105 to peer 0x148008000 (18 bytes)
1724229812.039019 sending message 105 to peer 0x148008000 (25 bytes)
1724229812.039024 sending message 105 to peer 0x148008000 (35 bytes)
1724229812.039029 sending message 105 to peer 0x148008000 (57 bytes)
1724229812.039034 sending message 105 to peer 0x148008000 (42 bytes)
1724229812.039039 sending message 105 to peer 0x148008000 (14 bytes)
1724229812.039044 sending message 105 to peer 0x148008000 (52 bytes)
1724229812.039050 sending message 105 to peer 0x148008000 (10 bytes)
1724229812.039055 sending message 105 to peer 0x148008000 (12 bytes)
1724229812.039060 sending message 105 to peer 0x148008000 (12 bytes)
1724229812.039065 sending message 105 to peer 0x148008000 (36 bytes)
1724229812.039070 sending message 105 to peer 0x148008000 (14 bytes)
1724229812.039075 sending message 105 to peer 0x148008000 (19 bytes)
1724229812.039080 sending message 105 to peer 0x148008000 (27 bytes)
1724229812.039085 sending message 105 to peer 0x148008000 (42 bytes)
1724229812.039090 sending message 105 to peer 0x148008000 (38 bytes)
1724229812.039095 sending message 105 to peer 0x148008000 (25 bytes)
1724229812.039100 sending message 106 to peer 0x148008000 (0 bytes)
1724229812.039172 sending message 200 to peer 0x148008000 (4 bytes)
1724229812.039181 client loop enter
1724229812.039686 peer 0x148008000 message 303
1724229812.039697 open write file 2 -
1724229812.039711 sending message 305 to peer 0x148008000 (8 bytes)
1724229812.039727 write check file 2
1724229812.039760 peer 0x148008000 message 304
1724229812.039766 write 58 to file 2
1724229812.039773 peer 0x148008000 message 203
1724229812.039778 file 2 58 bytes left
1724229812.039794 write check file 2
1724229812.039800 client loop exit
